Release 10.1 Map K.31 (nt)
Xilinx Mapping Report File for Design 'alu_verilog'

Design Information
------------------
Command Line   : map -ise "C:/Documents and
Settings/student/lab2/lab2_1/lab2_1.ise" -intstyle ise -p xc3s700a-fg484-4 -cm
area -pr off -k 4 -c 100 -o alu_verilog_map.ncd alu_verilog.ngd alu_verilog.pcf 
Target Device  : xc3s700a
Target Package : fg484
Target Speed   : -4
Mapper Version : spartan3a -- $Revision: 1.46 $
Mapped Date    : Sat Jan 25 15:13:17 2025

Design Summary
--------------
Number of errors:      0
Number of warnings:    0
Logic Utilization:
  Number of Slice Flip Flops:            96 out of  11,776    1%
  Number of 4 input LUTs:               144 out of  11,776    1%
Logic Distribution:
  Number of occupied Slices:            106 out of   5,888    1%
    Number of Slices containing only related logic:     106 out of     106 100%
    Number of Slices containing unrelated logic:          0 out of     106   0%
      *See NOTES below for an explanation of the effects of unrelated logic.
  Total Number of 4 input LUTs:         144 out of  11,776    1%
  Number of bonded IOBs:                102 out of     372   27%
  Number of BUFGMUXs:                     1 out of      24    4%

Peak Memory Usage:  169 MB
Total REAL time to MAP completion:  1 secs 
Total CPU time to MAP completion:   1 secs 

NOTES:

   Related logic is defined as being logic that shares connectivity - e.g. two
   LUTs are "related" if they share common inputs.  When assembling slices,
   Map gives priority to combine logic that is related.  Doing so results in
   the best timing performance.

   Unrelated logic shares no connectivity.  Map will only begin packing
   unrelated logic into a slice once 99% of the slices are occupied through
   related logic packing.

   Note that once logic distribution reaches the 99% level through related
   logic packing, this does not mean the device is completely utilized.
   Unrelated logic packing will then begin, continuing until all usable LUTs
   and FFs are occupied.  Depending on your timing budget, increased levels of
   unrelated logic packing may adversely affect the overall timing performance
   of your design.

Table of Contents
-----------------
Section 1 - Errors
Section 2 - Warnings
Section 3 - Informational
Section 4 - Removed Logic Summary
Section 5 - Removed Logic
Section 6 - IOB Properties
Section 7 - RPMs
Section 8 - Guide Report
Section 9 - Area Group and Partition Summary
Section 10 - Modular Design Summary
Section 11 - Timing Report
Section 12 - Configuration String Information
Section 13 - Control Set Information
Section 14 - Utilization by Hierarchy

Section 1 - Errors
------------------

Section 2 - Warnings
--------------------

Section 3 - Informational
-------------------------
INFO:MapLib:562 - No environment variables are currently set.
INFO:LIT:244 - All of the single ended outputs in this design are using slew
   rate limited output drivers. The delay on speed critical single ended outputs
   can be dramatically reduced by designating them as fast outputs.

Section 4 - Removed Logic Summary
---------------------------------
   1 block(s) optimized away

Section 5 - Removed Logic
-------------------------

Optimized Block(s):
TYPE 		BLOCK
GND 		XST_GND

To enable printing of redundant blocks removed and signals merged, set the
detailed map report option and rerun map.

Section 6 - IOB Properties
--------------------------

+--------------------------------------------------------------------------------------------------------------------------------------------------------------+
| IOB Name                           | Type             | Direction | IO Standard | Drive    | Slew    | Reg (s)      | Resistor | IBUF/IFD | SUSPEND          |
|                                    |                  |           |             | Strength | Rate    |              |          | Delay    |                  |
+--------------------------------------------------------------------------------------------------------------------------------------------------------------+
| a<0>                               | IBUF             | INPUT     | LVCMOS25    |          |         |              |          | 0 / 0    |                  |
| a<1>                               | IBUF             | INPUT     | LVCMOS25    |          |         |              |          | 0 / 0    |                  |
| a<2>                               | IBUF             | INPUT     | LVCMOS25    |          |         |              |          | 0 / 0    |                  |
| a<3>                               | IBUF             | INPUT     | LVCMOS25    |          |         |              |          | 0 / 0    |                  |
| a<4>                               | IBUF             | INPUT     | LVCMOS25    |          |         |              |          | 0 / 0    |                  |
| a<5>                               | IBUF             | INPUT     | LVCMOS25    |          |         |              |          | 0 / 0    |                  |
| a<6>                               | IBUF             | INPUT     | LVCMOS25    |          |         |              |          | 0 / 0    |                  |
| a<7>                               | IBUF             | INPUT     | LVCMOS25    |          |         |              |          | 0 / 0    |                  |
| a<8>                               | IBUF             | INPUT     | LVCMOS25    |          |         |              |          | 0 / 0    |                  |
| a<9>                               | IBUF             | INPUT     | LVCMOS25    |          |         |              |          | 0 / 0    |                  |
| a<10>                              | IBUF             | INPUT     | LVCMOS25    |          |         |              |          | 0 / 0    |                  |
| a<11>                              | IBUF             | INPUT     | LVCMOS25    |          |         |              |          | 0 / 0    |                  |
| a<12>                              | IBUF             | INPUT     | LVCMOS25    |          |         |              |          | 0 / 0    |                  |
| a<13>                              | IBUF             | INPUT     | LVCMOS25    |          |         |              |          | 0 / 0    |                  |
| a<14>                              | IBUF             | INPUT     | LVCMOS25    |          |         |              |          | 0 / 0    |                  |
| a<15>                              | IBUF             | INPUT     | LVCMOS25    |          |         |              |          | 0 / 0    |                  |
| a<16>                              | IBUF             | INPUT     | LVCMOS25    |          |         |              |          | 0 / 0    |                  |
| a<17>                              | IBUF             | INPUT     | LVCMOS25    |          |         |              |          | 0 / 0    |                  |
| a<18>                              | IBUF             | INPUT     | LVCMOS25    |          |         |              |          | 0 / 0    |                  |
| a<19>                              | IBUF             | INPUT     | LVCMOS25    |          |         |              |          | 0 / 0    |                  |
| a<20>                              | IBUF             | INPUT     | LVCMOS25    |          |         |              |          | 0 / 0    |                  |
| a<21>                              | IBUF             | INPUT     | LVCMOS25    |          |         |              |          | 0 / 0    |                  |
| a<22>                              | IBUF             | INPUT     | LVCMOS25    |          |         |              |          | 0 / 0    |                  |
| a<23>                              | IBUF             | INPUT     | LVCMOS25    |          |         |              |          | 0 / 0    |                  |
| a<24>                              | IBUF             | INPUT     | LVCMOS25    |          |         |              |          | 0 / 0    |                  |
| a<25>                              | IBUF             | INPUT     | LVCMOS25    |          |         |              |          | 0 / 0    |                  |
| a<26>                              | IBUF             | INPUT     | LVCMOS25    |          |         |              |          | 0 / 0    |                  |
| a<27>                              | IBUF             | INPUT     | LVCMOS25    |          |         |              |          | 0 / 0    |                  |
| a<28>                              | IBUF             | INPUT     | LVCMOS25    |          |         |              |          | 0 / 0    |                  |
| a<29>                              | IBUF             | INPUT     | LVCMOS25    |          |         |              |          | 0 / 0    |                  |
| a<30>                              | IBUF             | INPUT     | LVCMOS25    |          |         |              |          | 0 / 0    |                  |
| a<31>                              | IBUF             | INPUT     | LVCMOS25    |          |         |              |          | 0 / 0    |                  |
| alu_result<0>                      | IOB              | OUTPUT    | LVCMOS25    | 12       | SLOW    |              |          | 0 / 0    | 3STATE           |
| alu_result<1>                      | IOB              | OUTPUT    | LVCMOS25    | 12       | SLOW    |              |          | 0 / 0    | 3STATE           |
| alu_result<2>                      | IOB              | OUTPUT    | LVCMOS25    | 12       | SLOW    |              |          | 0 / 0    | 3STATE           |
| alu_result<3>                      | IOB              | OUTPUT    | LVCMOS25    | 12       | SLOW    |              |          | 0 / 0    | 3STATE           |
| alu_result<4>                      | IOB              | OUTPUT    | LVCMOS25    | 12       | SLOW    |              |          | 0 / 0    | 3STATE           |
| alu_result<5>                      | IOB              | OUTPUT    | LVCMOS25    | 12       | SLOW    |              |          | 0 / 0    | 3STATE           |
| alu_result<6>                      | IOB              | OUTPUT    | LVCMOS25    | 12       | SLOW    |              |          | 0 / 0    | 3STATE           |
| alu_result<7>                      | IOB              | OUTPUT    | LVCMOS25    | 12       | SLOW    |              |          | 0 / 0    | 3STATE           |
| alu_result<8>                      | IOB              | OUTPUT    | LVCMOS25    | 12       | SLOW    |              |          | 0 / 0    | 3STATE           |
| alu_result<9>                      | IOB              | OUTPUT    | LVCMOS25    | 12       | SLOW    |              |          | 0 / 0    | 3STATE           |
| alu_result<10>                     | IOB              | OUTPUT    | LVCMOS25    | 12       | SLOW    |              |          | 0 / 0    | 3STATE           |
| alu_result<11>                     | IOB              | OUTPUT    | LVCMOS25    | 12       | SLOW    |              |          | 0 / 0    | 3STATE           |
| alu_result<12>                     | IOB              | OUTPUT    | LVCMOS25    | 12       | SLOW    |              |          | 0 / 0    | 3STATE           |
| alu_result<13>                     | IOB              | OUTPUT    | LVCMOS25    | 12       | SLOW    |              |          | 0 / 0    | 3STATE           |
| alu_result<14>                     | IOB              | OUTPUT    | LVCMOS25    | 12       | SLOW    |              |          | 0 / 0    | 3STATE           |
| alu_result<15>                     | IOB              | OUTPUT    | LVCMOS25    | 12       | SLOW    |              |          | 0 / 0    | 3STATE           |
| alu_result<16>                     | IOB              | OUTPUT    | LVCMOS25    | 12       | SLOW    |              |          | 0 / 0    | 3STATE           |
| alu_result<17>                     | IOB              | OUTPUT    | LVCMOS25    | 12       | SLOW    |              |          | 0 / 0    | 3STATE           |
| alu_result<18>                     | IOB              | OUTPUT    | LVCMOS25    | 12       | SLOW    |              |          | 0 / 0    | 3STATE           |
| alu_result<19>                     | IOB              | OUTPUT    | LVCMOS25    | 12       | SLOW    |              |          | 0 / 0    | 3STATE           |
| alu_result<20>                     | IOB              | OUTPUT    | LVCMOS25    | 12       | SLOW    |              |          | 0 / 0    | 3STATE           |
| alu_result<21>                     | IOB              | OUTPUT    | LVCMOS25    | 12       | SLOW    |              |          | 0 / 0    | 3STATE           |
| alu_result<22>                     | IOB              | OUTPUT    | LVCMOS25    | 12       | SLOW    |              |          | 0 / 0    | 3STATE           |
| alu_result<23>                     | IOB              | OUTPUT    | LVCMOS25    | 12       | SLOW    |              |          | 0 / 0    | 3STATE           |
| alu_result<24>                     | IOB              | OUTPUT    | LVCMOS25    | 12       | SLOW    |              |          | 0 / 0    | 3STATE           |
| alu_result<25>                     | IOB              | OUTPUT    | LVCMOS25    | 12       | SLOW    |              |          | 0 / 0    | 3STATE           |
| alu_result<26>                     | IOB              | OUTPUT    | LVCMOS25    | 12       | SLOW    |              |          | 0 / 0    | 3STATE           |
| alu_result<27>                     | IOB              | OUTPUT    | LVCMOS25    | 12       | SLOW    |              |          | 0 / 0    | 3STATE           |
| alu_result<28>                     | IOB              | OUTPUT    | LVCMOS25    | 12       | SLOW    |              |          | 0 / 0    | 3STATE           |
| alu_result<29>                     | IOB              | OUTPUT    | LVCMOS25    | 12       | SLOW    |              |          | 0 / 0    | 3STATE           |
| alu_result<30>                     | IOB              | OUTPUT    | LVCMOS25    | 12       | SLOW    |              |          | 0 / 0    | 3STATE           |
| alu_result<31>                     | IOB              | OUTPUT    | LVCMOS25    | 12       | SLOW    |              |          | 0 / 0    | 3STATE           |
| b<0>                               | IBUF             | INPUT     | LVCMOS25    |          |         |              |          | 0 / 0    |                  |
| b<1>                               | IBUF             | INPUT     | LVCMOS25    |          |         |              |          | 0 / 0    |                  |
| b<2>                               | IBUF             | INPUT     | LVCMOS25    |          |         |              |          | 0 / 0    |                  |
| b<3>                               | IBUF             | INPUT     | LVCMOS25    |          |         |              |          | 0 / 0    |                  |
| b<4>                               | IBUF             | INPUT     | LVCMOS25    |          |         |              |          | 0 / 0    |                  |
| b<5>                               | IBUF             | INPUT     | LVCMOS25    |          |         |              |          | 0 / 0    |                  |
| b<6>                               | IBUF             | INPUT     | LVCMOS25    |          |         |              |          | 0 / 0    |                  |
| b<7>                               | IBUF             | INPUT     | LVCMOS25    |          |         |              |          | 0 / 0    |                  |
| b<8>                               | IBUF             | INPUT     | LVCMOS25    |          |         |              |          | 0 / 0    |                  |
| b<9>                               | IBUF             | INPUT     | LVCMOS25    |          |         |              |          | 0 / 0    |                  |
| b<10>                              | IBUF             | INPUT     | LVCMOS25    |          |         |              |          | 0 / 0    |                  |
| b<11>                              | IBUF             | INPUT     | LVCMOS25    |          |         |              |          | 0 / 0    |                  |
| b<12>                              | IBUF             | INPUT     | LVCMOS25    |          |         |              |          | 0 / 0    |                  |
| b<13>                              | IBUF             | INPUT     | LVCMOS25    |          |         |              |          | 0 / 0    |                  |
| b<14>                              | IBUF             | INPUT     | LVCMOS25    |          |         |              |          | 0 / 0    |                  |
| b<15>                              | IBUF             | INPUT     | LVCMOS25    |          |         |              |          | 0 / 0    |                  |
| b<16>                              | IBUF             | INPUT     | LVCMOS25    |          |         |              |          | 0 / 0    |                  |
| b<17>                              | IBUF             | INPUT     | LVCMOS25    |          |         |              |          | 0 / 0    |                  |
| b<18>                              | IBUF             | INPUT     | LVCMOS25    |          |         |              |          | 0 / 0    |                  |
| b<19>                              | IBUF             | INPUT     | LVCMOS25    |          |         |              |          | 0 / 0    |                  |
| b<20>                              | IBUF             | INPUT     | LVCMOS25    |          |         |              |          | 0 / 0    |                  |
| b<21>                              | IBUF             | INPUT     | LVCMOS25    |          |         |              |          | 0 / 0    |                  |
| b<22>                              | IBUF             | INPUT     | LVCMOS25    |          |         |              |          | 0 / 0    |                  |
| b<23>                              | IBUF             | INPUT     | LVCMOS25    |          |         |              |          | 0 / 0    |                  |
| b<24>                              | IBUF             | INPUT     | LVCMOS25    |          |         |              |          | 0 / 0    |                  |
| b<25>                              | IBUF             | INPUT     | LVCMOS25    |          |         |              |          | 0 / 0    |                  |
| b<26>                              | IBUF             | INPUT     | LVCMOS25    |          |         |              |          | 0 / 0    |                  |
| b<27>                              | IBUF             | INPUT     | LVCMOS25    |          |         |              |          | 0 / 0    |                  |
| b<28>                              | IBUF             | INPUT     | LVCMOS25    |          |         |              |          | 0 / 0    |                  |
| b<29>                              | IBUF             | INPUT     | LVCMOS25    |          |         |              |          | 0 / 0    |                  |
| b<30>                              | IBUF             | INPUT     | LVCMOS25    |          |         |              |          | 0 / 0    |                  |
| b<31>                              | IBUF             | INPUT     | LVCMOS25    |          |         |              |          | 0 / 0    |                  |
| clk                                | IBUF             | INPUT     | LVCMOS25    |          |         |              |          | 0 / 0    |                  |
| co_out                             | IOB              | OUTPUT    | LVCMOS25    | 12       | SLOW    |              |          | 0 / 0    | 3STATE           |
| rst                                | IBUF             | INPUT     | LVCMOS25    |          |         |              |          | 0 / 0    |                  |
| sel<0>                             | IBUF             | INPUT     | LVCMOS25    |          |         |              |          | 0 / 0    |                  |
| sel<1>                             | IBUF             | INPUT     | LVCMOS25    |          |         |              |          | 0 / 0    |                  |
| shift                              | IBUF             | INPUT     | LVCMOS25    |          |         |              |          | 0 / 0    |                  |
+--------------------------------------------------------------------------------------------------------------------------------------------------------------+

Section 7 - RPMs
----------------

Section 8 - Guide Report
------------------------
Guide not run on this design.

Section 9 - Area Group and Partition Summary
--------------------------------------------

Partition Implementation Status
-------------------------------

  No Partitions were found in this design.

-------------------------------

Area Group Information
----------------------

  No area groups were found in this design.

----------------------

Section 10 - Modular Design Summary
-----------------------------------
Modular Design not used for this design.

Section 11 - Timing Report
--------------------------
This design was not run using timing mode.

Section 12 - Configuration String Details
-----------------------------------------
Use the "-detail" map option to print out Configuration Strings

Section 13 - Control Set Information
------------------------------------
No control set information for this architecture.

Section 14 - Utilization by Hierarchy
-------------------------------------
+---------------------------------------------------------------------------------------------------------------------------------------------------------------------+
| Module             | Partition | Slices        | Slice Reg     | LUTs          | LUTRAM        | BRAM      | MULT18X18 | BUFG  | DCM   | Full Hierarchical Name     |
+---------------------------------------------------------------------------------------------------------------------------------------------------------------------+
| alu_verilog/       |           | 25/143        | 0/96          | 42/144        | 0/0           | 0/0       | 0/0       | 1/1   | 0/0   | alu_verilog                |
| +a_input           |           | 16/16         | 32/32         | 0/0           | 0/0           | 0/0       | 0/0       | 0/0   | 0/0   | alu_verilog/a_input        |
| +adder             |           | 0/9           | 0/0           | 0/18          | 0/0           | 0/0       | 0/0       | 0/0   | 0/0   | alu_verilog/adder          |
| ++b0               |           | 0/2           | 0/0           | 0/4           | 0/0           | 0/0       | 0/0       | 0/0   | 0/0   | alu_verilog/adder/b0       |
| +++b0              |           | 0/1           | 0/0           | 0/2           | 0/0           | 0/0       | 0/0       | 0/0   | 0/0   | alu_verilog/adder/b0/b0    |
| ++++b1             |           | 1/1           | 0/0           | 2/2           | 0/0           | 0/0       | 0/0       | 0/0   | 0/0   | alu_verilog/adder/b0/b0/b1 |
| +++b1              |           | 0/1           | 0/0           | 0/2           | 0/0           | 0/0       | 0/0       | 0/0   | 0/0   | alu_verilog/adder/b0/b1    |
| ++++b1             |           | 1/1           | 0/0           | 2/2           | 0/0           | 0/0       | 0/0       | 0/0   | 0/0   | alu_verilog/adder/b0/b1/b1 |
| ++b1               |           | 0/2           | 0/0           | 0/4           | 0/0           | 0/0       | 0/0       | 0/0   | 0/0   | alu_verilog/adder/b1       |
| +++b0              |           | 0/1           | 0/0           | 0/2           | 0/0           | 0/0       | 0/0       | 0/0   | 0/0   | alu_verilog/adder/b1/b0    |
| ++++b1             |           | 1/1           | 0/0           | 2/2           | 0/0           | 0/0       | 0/0       | 0/0   | 0/0   | alu_verilog/adder/b1/b0/b1 |
| +++b1              |           | 0/1           | 0/0           | 0/2           | 0/0           | 0/0       | 0/0       | 0/0   | 0/0   | alu_verilog/adder/b1/b1    |
| ++++b1             |           | 1/1           | 0/0           | 2/2           | 0/0           | 0/0       | 0/0       | 0/0   | 0/0   | alu_verilog/adder/b1/b1/b1 |
| ++b2               |           | 0/2           | 0/0           | 0/4           | 0/0           | 0/0       | 0/0       | 0/0   | 0/0   | alu_verilog/adder/b2       |
| +++b0              |           | 0/1           | 0/0           | 0/2           | 0/0           | 0/0       | 0/0       | 0/0   | 0/0   | alu_verilog/adder/b2/b0    |
| ++++b1             |           | 1/1           | 0/0           | 2/2           | 0/0           | 0/0       | 0/0       | 0/0   | 0/0   | alu_verilog/adder/b2/b0/b1 |
| +++b1              |           | 0/1           | 0/0           | 0/2           | 0/0           | 0/0       | 0/0       | 0/0   | 0/0   | alu_verilog/adder/b2/b1    |
| ++++b1             |           | 1/1           | 0/0           | 2/2           | 0/0           | 0/0       | 0/0       | 0/0   | 0/0   | alu_verilog/adder/b2/b1/b1 |
| ++b3               |           | 0/3           | 0/0           | 0/6           | 0/0           | 0/0       | 0/0       | 0/0   | 0/0   | alu_verilog/adder/b3       |
| +++b0              |           | 0/1           | 0/0           | 0/2           | 0/0           | 0/0       | 0/0       | 0/0   | 0/0   | alu_verilog/adder/b3/b0    |
| ++++b1             |           | 1/1           | 0/0           | 2/2           | 0/0           | 0/0       | 0/0       | 0/0   | 0/0   | alu_verilog/adder/b3/b0/b1 |
| +++b1              |           | 0/2           | 0/0           | 0/4           | 0/0           | 0/0       | 0/0       | 0/0   | 0/0   | alu_verilog/adder/b3/b1    |
| ++++b1             |           | 2/2           | 0/0           | 4/4           | 0/0           | 0/0       | 0/0       | 0/0   | 0/0   | alu_verilog/adder/b3/b1/b1 |
| +b_input           |           | 16/16         | 32/32         | 0/0           | 0/0           | 0/0       | 0/0       | 0/0   | 0/0   | alu_verilog/b_input        |
| +mux               |           | 45/45         | 0/0           | 84/84         | 0/0           | 0/0       | 0/0       | 0/0   | 0/0   | alu_verilog/mux            |
| +result            |           | 32/32         | 32/32         | 0/0           | 0/0           | 0/0       | 0/0       | 0/0   | 0/0   | alu_verilog/result         |
+---------------------------------------------------------------------------------------------------------------------------------------------------------------------+

* Slices can be packed with basic elements from multiple hierarchies.
  Therefore, a slice will be counted in every hierarchical module
  that each of its packed basic elements belong to.
** For each column, there are two numbers reported <A>/<B>.
   <A> is the number of elements that belong to that specific hierarchical module.
   <B> is the total number of elements from that hierarchical module and any lower level
   hierarchical modules below.
*** The LUTRAM column counts all LUTs used as memory including RAM, ROM, and shift registers.
